<?xml version="1.0" encoding="UTF-8"?>
<!-- Generated by org.testng.reporters.JUnitXMLReporter -->
<testsuite ignored="0" hostname="ShaileshKumar" failures="0" tests="1" name="AWS Amazon Automation" time="0.11" errors="0" timestamp="2026-03-01T18:53:50 IST">
  <testcase classname="heruko.HerukoBaseTest" name="@BeforeMethod setUp" time="0.012">
    <failure type="java.lang.NullPointerException" message="Cannot invoke &amp;quot;com.eva.webutil.WebUtil.createReport(String, String)&amp;quot; because &amp;quot;this.util&amp;quot; is null">
      <![CDATA[java.lang.NullPointerException: Cannot invoke "com.eva.webutil.WebUtil.createReport(String, String)" because "this.util" is null
at heruko.HerukoBaseTest.setUp(HerukoBaseTest.java:34)
at java.base/java.util.ArrayList.forEach(ArrayList.java:1596)
... Removed 29 stack frames]]>
    </failure>
  </testcase> <!-- @BeforeMethod setUp -->
  <testcase classname="heruko.HerukoBaseTest" name="@AfterMethod tearDown" time="0.0">
    <skipped/>
  </testcase> <!-- @AfterMethod tearDown -->
  <testcase classname="heruko.HerukoBaseTest" name="@AfterClass afterClass" time="0.0">
    <skipped/>
  </testcase> <!-- @AfterClass afterClass -->
  <testcase classname="heruko.HerukoScripts" name="test_001_create_account" time="0.001">
    <skipped/>
  </testcase> <!-- test_001_create_account -->
</testsuite> <!-- AWS Amazon Automation -->
