<?xml version="1.0" encoding="UTF-8"?>
<testng-results ignored="0" total="3" passed="3" failed="0" skipped="0">
  <reporter-output>
  </reporter-output>
  <suite started-at="2025-05-02T07:45:02 IST" name="vTiger Automation Testing" finished-at="2025-05-02T07:47:25 IST" duration-ms="142807">
    <groups>
    </groups>
    <test started-at="2025-05-02T07:45:02 IST" name="Marketing Campaings" finished-at="2025-05-02T07:47:21 IST" duration-ms="138958">
      <class name="com.eva.marketing.submodule.testcases.Marketing_Campaings">
        <test-method is-config="true" signature="beforeTestMethod()[pri:0, instance:com.eva.marketing.submodule.testcases.Marketing_Campaings@2a65fe7c]" started-at="2025-05-02T07:45:02 IST" name="beforeTestMethod" finished-at="2025-05-02T07:45:02 IST" duration-ms="2" status="PASS">
          <reporter-output>
          </reporter-output>
        </test-method> <!-- beforeTestMethod -->
        <test-method is-config="true" signature="beforeClassMethod()[pri:0, instance:com.eva.marketing.submodule.testcases.Marketing_Campaings@2a65fe7c]" started-at="2025-05-02T07:45:03 IST" name="beforeClassMethod" finished-at="2025-05-02T07:45:03 IST" duration-ms="0" status="PASS">
          <reporter-output>
          </reporter-output>
        </test-method> <!-- beforeClassMethod -->
        <test-method is-config="true" signature="beforeMethod(java.lang.String,java.lang.String,java.lang.String,java.lang.String,java.lang.reflect.Method)[pri:0, instance:com.eva.marketing.submodule.testcases.Marketing_Campaings@2a65fe7c]" started-at="2025-05-02T07:45:03 IST" name="beforeMethod" finished-at="2025-05-02T07:46:37 IST" duration-ms="94014" status="PASS">
          <params>
            <param index="0">
              <value>
                <![CDATA[chromebrowser]]>
              </value>
            </param>
            <param index="1">
              <value>
                <![CDATA[admin]]>
              </value>
            </param>
            <param index="2">
              <value>
                <![CDATA[admin]]>
              </value>
            </param>
            <param index="3">
              <value>
                <![CDATA[alphagrey]]>
              </value>
            </param>
            <param index="4">
              <value>
                <![CDATA[public void com.eva.marketing.submodule.testcases.Marketing_Campaings.verifyCreateNewCampaings()]]>
              </value>
            </param>
          </params>
          <reporter-output>
          </reporter-output>
        </test-method> <!-- beforeMethod -->
        <test-method signature="verifyCreateNewCampaings()[pri:0, instance:com.eva.marketing.submodule.testcases.Marketing_Campaings@2a65fe7c]" started-at="2025-05-02T07:46:37 IST" name="verifyCreateNewCampaings" finished-at="2025-05-02T07:47:17 IST" duration-ms="40178" status="PASS">
          <reporter-output>
          </reporter-output>
        </test-method> <!-- verifyCreateNewCampaings -->
        <test-method is-config="true" signature="afterMethod()[pri:0, instance:com.eva.marketing.submodule.testcases.Marketing_Campaings@2a65fe7c]" started-at="2025-05-02T07:47:17 IST" name="afterMethod" finished-at="2025-05-02T07:47:20 IST" duration-ms="3683" status="PASS">
          <reporter-output>
          </reporter-output>
        </test-method> <!-- afterMethod -->
        <test-method is-config="true" signature="afterClass()[pri:0, instance:com.eva.marketing.submodule.testcases.Marketing_Campaings@2a65fe7c]" started-at="2025-05-02T07:47:20 IST" name="afterClass" finished-at="2025-05-02T07:47:21 IST" duration-ms="952" status="PASS">
          <reporter-output>
          </reporter-output>
        </test-method> <!-- afterClass -->
        <test-method is-config="true" signature="afterTest()[pri:0, instance:com.eva.marketing.submodule.testcases.Marketing_Campaings@2a65fe7c]" started-at="2025-05-02T07:47:21 IST" name="afterTest" finished-at="2025-05-02T07:47:21 IST" duration-ms="0" status="PASS">
          <reporter-output>
          </reporter-output>
        </test-method> <!-- afterTest -->
      </class> <!-- com.eva.marketing.submodule.testcases.Marketing_Campaings -->
    </test> <!-- Marketing Campaings -->
    <test started-at="2025-05-02T07:45:02 IST" name="Marketing Accounts" finished-at="2025-05-02T07:47:23 IST" duration-ms="140998">
      <class name="com.eva.marketing.submodule.testcases.MarketingAccounts">
        <test-method is-config="true" signature="beforeTestMethod()[pri:0, instance:com.eva.marketing.submodule.testcases.MarketingAccounts@436813f3]" started-at="2025-05-02T07:45:02 IST" name="beforeTestMethod" finished-at="2025-05-02T07:45:02 IST" duration-ms="0" status="PASS">
          <reporter-output>
          </reporter-output>
        </test-method> <!-- beforeTestMethod -->
        <test-method is-config="true" signature="beforeClassMethod()[pri:0, instance:com.eva.marketing.submodule.testcases.MarketingAccounts@436813f3]" started-at="2025-05-02T07:45:03 IST" name="beforeClassMethod" finished-at="2025-05-02T07:45:03 IST" duration-ms="0" status="PASS">
          <reporter-output>
          </reporter-output>
        </test-method> <!-- beforeClassMethod -->
        <test-method is-config="true" signature="beforeMethod(java.lang.String,java.lang.String,java.lang.String,java.lang.String,java.lang.reflect.Method)[pri:0, instance:com.eva.marketing.submodule.testcases.MarketingAccounts@436813f3]" started-at="2025-05-02T07:45:03 IST" name="beforeMethod" finished-at="2025-05-02T07:46:27 IST" duration-ms="84845" status="PASS">
          <params>
            <param index="0">
              <value>
                <![CDATA[chromebrowser]]>
              </value>
            </param>
            <param index="1">
              <value>
                <![CDATA[admin]]>
              </value>
            </param>
            <param index="2">
              <value>
                <![CDATA[admin]]>
              </value>
            </param>
            <param index="3">
              <value>
                <![CDATA[woodspice]]>
              </value>
            </param>
            <param index="4">
              <value>
                <![CDATA[public void com.eva.marketing.submodule.testcases.MarketingAccounts.verifyCreateNewAccount()]]>
              </value>
            </param>
          </params>
          <reporter-output>
          </reporter-output>
        </test-method> <!-- beforeMethod -->
        <test-method signature="verifyCreateNewAccount()[pri:0, instance:com.eva.marketing.submodule.testcases.MarketingAccounts@436813f3]" started-at="2025-05-02T07:46:27 IST" name="verifyCreateNewAccount" finished-at="2025-05-02T07:47:20 IST" duration-ms="52878" status="PASS">
          <reporter-output>
          </reporter-output>
        </test-method> <!-- verifyCreateNewAccount -->
        <test-method is-config="true" signature="afterMethod()[pri:0, instance:com.eva.marketing.submodule.testcases.MarketingAccounts@436813f3]" started-at="2025-05-02T07:47:20 IST" name="afterMethod" finished-at="2025-05-02T07:47:23 IST" duration-ms="3115" status="PASS">
          <reporter-output>
          </reporter-output>
        </test-method> <!-- afterMethod -->
        <test-method is-config="true" signature="afterClass()[pri:0, instance:com.eva.marketing.submodule.testcases.MarketingAccounts@436813f3]" started-at="2025-05-02T07:47:23 IST" name="afterClass" finished-at="2025-05-02T07:47:23 IST" duration-ms="41" status="PASS">
          <reporter-output>
          </reporter-output>
        </test-method> <!-- afterClass -->
        <test-method is-config="true" signature="afterTest()[pri:0, instance:com.eva.marketing.submodule.testcases.MarketingAccounts@436813f3]" started-at="2025-05-02T07:47:23 IST" name="afterTest" finished-at="2025-05-02T07:47:23 IST" duration-ms="4" status="PASS">
          <reporter-output>
          </reporter-output>
        </test-method> <!-- afterTest -->
      </class> <!-- com.eva.marketing.submodule.testcases.MarketingAccounts -->
    </test> <!-- Marketing Accounts -->
    <test started-at="2025-05-02T07:45:02 IST" name="Marketing Leads" finished-at="2025-05-02T07:47:25 IST" duration-ms="142807">
      <class name="com.eva.marketing.submodule.testcases.MarketingLeads">
        <test-method is-config="true" signature="beforeSuiteMethod()[pri:0, instance:com.eva.marketing.submodule.testcases.MarketingLeads@31304f14]" started-at="2025-05-02T07:45:02 IST" name="beforeSuiteMethod" finished-at="2025-05-02T07:45:02 IST" duration-ms="621" status="PASS">
          <reporter-output>
          </reporter-output>
        </test-method> <!-- beforeSuiteMethod -->
        <test-method is-config="true" signature="beforeTestMethod()[pri:0, instance:com.eva.marketing.submodule.testcases.MarketingLeads@31304f14]" started-at="2025-05-02T07:45:02 IST" name="beforeTestMethod" finished-at="2025-05-02T07:45:02 IST" duration-ms="2" status="PASS">
          <reporter-output>
          </reporter-output>
        </test-method> <!-- beforeTestMethod -->
        <test-method is-config="true" signature="beforeClassMethod()[pri:0, instance:com.eva.marketing.submodule.testcases.MarketingLeads@31304f14]" started-at="2025-05-02T07:45:03 IST" name="beforeClassMethod" finished-at="2025-05-02T07:45:03 IST" duration-ms="2" status="PASS">
          <reporter-output>
          </reporter-output>
        </test-method> <!-- beforeClassMethod -->
        <test-method is-config="true" signature="beforeMethod(java.lang.String,java.lang.String,java.lang.String,java.lang.String,java.lang.reflect.Method)[pri:0, instance:com.eva.marketing.submodule.testcases.MarketingLeads@31304f14]" started-at="2025-05-02T07:45:03 IST" name="beforeMethod" finished-at="2025-05-02T07:46:41 IST" duration-ms="97943" status="PASS">
          <params>
            <param index="0">
              <value>
                <![CDATA[chromebrowser]]>
              </value>
            </param>
            <param index="1">
              <value>
                <![CDATA[admin]]>
              </value>
            </param>
            <param index="2">
              <value>
                <![CDATA[admin]]>
              </value>
            </param>
            <param index="3">
              <value>
                <![CDATA[bluelagoon]]>
              </value>
            </param>
            <param index="4">
              <value>
                <![CDATA[public void com.eva.marketing.submodule.testcases.MarketingLeads.verifyCreateLeads()]]>
              </value>
            </param>
          </params>
          <reporter-output>
          </reporter-output>
        </test-method> <!-- beforeMethod -->
        <test-method signature="verifyCreateLeads()[pri:0, instance:com.eva.marketing.submodule.testcases.MarketingLeads@31304f14]" started-at="2025-05-02T07:46:41 IST" name="verifyCreateLeads" finished-at="2025-05-02T07:47:22 IST" duration-ms="41629" status="PASS">
          <reporter-output>
          </reporter-output>
        </test-method> <!-- verifyCreateLeads -->
        <test-method is-config="true" signature="afterMethod()[pri:0, instance:com.eva.marketing.submodule.testcases.MarketingLeads@31304f14]" started-at="2025-05-02T07:47:22 IST" name="afterMethod" finished-at="2025-05-02T07:47:25 IST" duration-ms="3095" status="PASS">
          <reporter-output>
          </reporter-output>
        </test-method> <!-- afterMethod -->
        <test-method is-config="true" signature="afterClass()[pri:0, instance:com.eva.marketing.submodule.testcases.MarketingLeads@31304f14]" started-at="2025-05-02T07:47:25 IST" name="afterClass" finished-at="2025-05-02T07:47:25 IST" duration-ms="25" status="PASS">
          <reporter-output>
          </reporter-output>
        </test-method> <!-- afterClass -->
        <test-method is-config="true" signature="afterTest()[pri:0, instance:com.eva.marketing.submodule.testcases.MarketingLeads@31304f14]" started-at="2025-05-02T07:47:25 IST" name="afterTest" finished-at="2025-05-02T07:47:25 IST" duration-ms="0" status="PASS">
          <reporter-output>
          </reporter-output>
        </test-method> <!-- afterTest -->
        <test-method is-config="true" signature="afterSuite()[pri:0, instance:com.eva.marketing.submodule.testcases.MarketingLeads@31304f14]" started-at="2025-05-02T07:47:25 IST" name="afterSuite" finished-at="2025-05-02T07:47:25 IST" duration-ms="0" status="PASS">
          <reporter-output>
          </reporter-output>
        </test-method> <!-- afterSuite -->
      </class> <!-- com.eva.marketing.submodule.testcases.MarketingLeads -->
    </test> <!-- Marketing Leads -->
  </suite> <!-- vTiger Automation Testing -->
</testng-results>
