<?xml version="1.0" encoding="UTF-8"?>
<testng-results ignored="0" total="3" passed="3" failed="0" skipped="0">
  <reporter-output>
  </reporter-output>
  <suite started-at="2025-05-24T07:41:16 IST" name="vTiger Automation Testing" finished-at="2025-05-24T07:44:07 IST" duration-ms="171246">
    <groups>
    </groups>
    <test started-at="2025-05-24T07:41:16 IST" name="Marketing Accounts" finished-at="2025-05-24T07:42:15 IST" duration-ms="59737">
      <class name="com.eva.marketing.submodule.testcases.MarketingAccounts">
        <test-method is-config="true" signature="beforeTestMethod()[pri:0, instance:com.eva.marketing.submodule.testcases.MarketingAccounts@35cabb2a]" started-at="2025-05-24T07:41:16 IST" name="beforeTestMethod" finished-at="2025-05-24T07:41:16 IST" duration-ms="1" status="PASS">
          <reporter-output>
          </reporter-output>
        </test-method> <!-- beforeTestMethod -->
        <test-method is-config="true" signature="beforeClassMethod()[pri:0, instance:com.eva.marketing.submodule.testcases.MarketingAccounts@35cabb2a]" started-at="2025-05-24T07:41:16 IST" name="beforeClassMethod" finished-at="2025-05-24T07:41:16 IST" duration-ms="0" status="PASS">
          <reporter-output>
          </reporter-output>
        </test-method> <!-- beforeClassMethod -->
        <test-method is-config="true" signature="beforeMethod(java.lang.String,java.lang.String,java.lang.String,java.lang.String,java.lang.reflect.Method)[pri:0, instance:com.eva.marketing.submodule.testcases.MarketingAccounts@35cabb2a]" started-at="2025-05-24T07:41:16 IST" name="beforeMethod" finished-at="2025-05-24T07:42:02 IST" duration-ms="46569" status="PASS">
          <params>
            <param index="0">
              <value>
                <![CDATA[chromebrowser]]>
              </value>
            </param>
            <param index="1">
              <value>
                <![CDATA[admin]]>
              </value>
            </param>
            <param index="2">
              <value>
                <![CDATA[admin]]>
              </value>
            </param>
            <param index="3">
              <value>
                <![CDATA[woodspice]]>
              </value>
            </param>
            <param index="4">
              <value>
                <![CDATA[public void com.eva.marketing.submodule.testcases.MarketingAccounts.verifyCreateNewAccount()]]>
              </value>
            </param>
          </params>
          <reporter-output>
          </reporter-output>
        </test-method> <!-- beforeMethod -->
        <test-method signature="verifyCreateNewAccount()[pri:0, instance:com.eva.marketing.submodule.testcases.MarketingAccounts@35cabb2a]" started-at="2025-05-24T07:42:02 IST" name="verifyCreateNewAccount" finished-at="2025-05-24T07:42:12 IST" duration-ms="10143" status="PASS">
          <reporter-output>
          </reporter-output>
        </test-method> <!-- verifyCreateNewAccount -->
        <test-method is-config="true" signature="afterMethod()[pri:0, instance:com.eva.marketing.submodule.testcases.MarketingAccounts@35cabb2a]" started-at="2025-05-24T07:42:12 IST" name="afterMethod" finished-at="2025-05-24T07:42:15 IST" duration-ms="2498" status="PASS">
          <reporter-output>
          </reporter-output>
        </test-method> <!-- afterMethod -->
        <test-method is-config="true" signature="afterClass()[pri:0, instance:com.eva.marketing.submodule.testcases.MarketingAccounts@35cabb2a]" started-at="2025-05-24T07:42:15 IST" name="afterClass" finished-at="2025-05-24T07:42:15 IST" duration-ms="482" status="PASS">
          <reporter-output>
          </reporter-output>
        </test-method> <!-- afterClass -->
        <test-method is-config="true" signature="afterTest()[pri:0, instance:com.eva.marketing.submodule.testcases.MarketingAccounts@35cabb2a]" started-at="2025-05-24T07:42:15 IST" name="afterTest" finished-at="2025-05-24T07:42:15 IST" duration-ms="0" status="PASS">
          <reporter-output>
          </reporter-output>
        </test-method> <!-- afterTest -->
      </class> <!-- com.eva.marketing.submodule.testcases.MarketingAccounts -->
    </test> <!-- Marketing Accounts -->
    <test started-at="2025-05-24T07:42:15 IST" name="Marketing Campaings" finished-at="2025-05-24T07:43:10 IST" duration-ms="54100">
      <class name="com.eva.marketing.submodule.testcases.Marketing_Campaings">
        <test-method is-config="true" signature="beforeTestMethod()[pri:0, instance:com.eva.marketing.submodule.testcases.Marketing_Campaings@2a3b5b47]" started-at="2025-05-24T07:42:15 IST" name="beforeTestMethod" finished-at="2025-05-24T07:42:15 IST" duration-ms="4" status="PASS">
          <reporter-output>
          </reporter-output>
        </test-method> <!-- beforeTestMethod -->
        <test-method is-config="true" signature="beforeClassMethod()[pri:0, instance:com.eva.marketing.submodule.testcases.Marketing_Campaings@2a3b5b47]" started-at="2025-05-24T07:42:15 IST" name="beforeClassMethod" finished-at="2025-05-24T07:42:15 IST" duration-ms="6" status="PASS">
          <reporter-output>
          </reporter-output>
        </test-method> <!-- beforeClassMethod -->
        <test-method is-config="true" signature="beforeMethod(java.lang.String,java.lang.String,java.lang.String,java.lang.String,java.lang.reflect.Method)[pri:0, instance:com.eva.marketing.submodule.testcases.Marketing_Campaings@2a3b5b47]" started-at="2025-05-24T07:42:15 IST" name="beforeMethod" finished-at="2025-05-24T07:43:00 IST" duration-ms="44846" status="PASS">
          <params>
            <param index="0">
              <value>
                <![CDATA[chromebrowser]]>
              </value>
            </param>
            <param index="1">
              <value>
                <![CDATA[admin]]>
              </value>
            </param>
            <param index="2">
              <value>
                <![CDATA[admin]]>
              </value>
            </param>
            <param index="3">
              <value>
                <![CDATA[alphagrey]]>
              </value>
            </param>
            <param index="4">
              <value>
                <![CDATA[public void com.eva.marketing.submodule.testcases.Marketing_Campaings.verifyCreateNewCampaings()]]>
              </value>
            </param>
          </params>
          <reporter-output>
          </reporter-output>
        </test-method> <!-- beforeMethod -->
        <test-method signature="verifyCreateNewCampaings()[pri:0, instance:com.eva.marketing.submodule.testcases.Marketing_Campaings@2a3b5b47]" started-at="2025-05-24T07:43:00 IST" name="verifyCreateNewCampaings" finished-at="2025-05-24T07:43:07 IST" duration-ms="6876" status="PASS">
          <reporter-output>
          </reporter-output>
        </test-method> <!-- verifyCreateNewCampaings -->
        <test-method is-config="true" signature="afterMethod()[pri:0, instance:com.eva.marketing.submodule.testcases.Marketing_Campaings@2a3b5b47]" started-at="2025-05-24T07:43:07 IST" name="afterMethod" finished-at="2025-05-24T07:43:09 IST" duration-ms="2320" status="PASS">
          <reporter-output>
          </reporter-output>
        </test-method> <!-- afterMethod -->
        <test-method is-config="true" signature="afterClass()[pri:0, instance:com.eva.marketing.submodule.testcases.Marketing_Campaings@2a3b5b47]" started-at="2025-05-24T07:43:09 IST" name="afterClass" finished-at="2025-05-24T07:43:10 IST" duration-ms="44" status="PASS">
          <reporter-output>
          </reporter-output>
        </test-method> <!-- afterClass -->
        <test-method is-config="true" signature="afterTest()[pri:0, instance:com.eva.marketing.submodule.testcases.Marketing_Campaings@2a3b5b47]" started-at="2025-05-24T07:43:10 IST" name="afterTest" finished-at="2025-05-24T07:43:10 IST" duration-ms="0" status="PASS">
          <reporter-output>
          </reporter-output>
        </test-method> <!-- afterTest -->
      </class> <!-- com.eva.marketing.submodule.testcases.Marketing_Campaings -->
    </test> <!-- Marketing Campaings -->
    <test started-at="2025-05-24T07:43:10 IST" name="Marketing Leads" finished-at="2025-05-24T07:44:07 IST" duration-ms="57339">
      <class name="com.eva.marketing.submodule.testcases.MarketingLeads">
        <test-method is-config="true" signature="beforeSuiteMethod()[pri:0, instance:com.eva.marketing.submodule.testcases.MarketingLeads@689604d9]" started-at="2025-05-24T07:41:15 IST" name="beforeSuiteMethod" finished-at="2025-05-24T07:41:16 IST" duration-ms="323" status="PASS">
          <reporter-output>
          </reporter-output>
        </test-method> <!-- beforeSuiteMethod -->
        <test-method is-config="true" signature="beforeTestMethod()[pri:0, instance:com.eva.marketing.submodule.testcases.MarketingLeads@689604d9]" started-at="2025-05-24T07:43:10 IST" name="beforeTestMethod" finished-at="2025-05-24T07:43:10 IST" duration-ms="2" status="PASS">
          <reporter-output>
          </reporter-output>
        </test-method> <!-- beforeTestMethod -->
        <test-method is-config="true" signature="beforeClassMethod()[pri:0, instance:com.eva.marketing.submodule.testcases.MarketingLeads@689604d9]" started-at="2025-05-24T07:43:10 IST" name="beforeClassMethod" finished-at="2025-05-24T07:43:10 IST" duration-ms="0" status="PASS">
          <reporter-output>
          </reporter-output>
        </test-method> <!-- beforeClassMethod -->
        <test-method is-config="true" signature="beforeMethod(java.lang.String,java.lang.String,java.lang.String,java.lang.String,java.lang.reflect.Method)[pri:0, instance:com.eva.marketing.submodule.testcases.MarketingLeads@689604d9]" started-at="2025-05-24T07:43:10 IST" name="beforeMethod" finished-at="2025-05-24T07:43:54 IST" duration-ms="44713" status="PASS">
          <params>
            <param index="0">
              <value>
                <![CDATA[chromebrowser]]>
              </value>
            </param>
            <param index="1">
              <value>
                <![CDATA[admin]]>
              </value>
            </param>
            <param index="2">
              <value>
                <![CDATA[admin]]>
              </value>
            </param>
            <param index="3">
              <value>
                <![CDATA[bluelagoon]]>
              </value>
            </param>
            <param index="4">
              <value>
                <![CDATA[public void com.eva.marketing.submodule.testcases.MarketingLeads.verifyCreateLeads()]]>
              </value>
            </param>
          </params>
          <reporter-output>
          </reporter-output>
        </test-method> <!-- beforeMethod -->
        <test-method signature="verifyCreateLeads()[pri:0, instance:com.eva.marketing.submodule.testcases.MarketingLeads@689604d9]" started-at="2025-05-24T07:43:54 IST" name="verifyCreateLeads" finished-at="2025-05-24T07:44:04 IST" duration-ms="10193" status="PASS">
          <reporter-output>
          </reporter-output>
        </test-method> <!-- verifyCreateLeads -->
        <test-method is-config="true" signature="afterMethod()[pri:0, instance:com.eva.marketing.submodule.testcases.MarketingLeads@689604d9]" started-at="2025-05-24T07:44:04 IST" name="afterMethod" finished-at="2025-05-24T07:44:07 IST" duration-ms="2393" status="PASS">
          <reporter-output>
          </reporter-output>
        </test-method> <!-- afterMethod -->
        <test-method is-config="true" signature="afterClass()[pri:0, instance:com.eva.marketing.submodule.testcases.MarketingLeads@689604d9]" started-at="2025-05-24T07:44:07 IST" name="afterClass" finished-at="2025-05-24T07:44:07 IST" duration-ms="36" status="PASS">
          <reporter-output>
          </reporter-output>
        </test-method> <!-- afterClass -->
        <test-method is-config="true" signature="afterTest()[pri:0, instance:com.eva.marketing.submodule.testcases.MarketingLeads@689604d9]" started-at="2025-05-24T07:44:07 IST" name="afterTest" finished-at="2025-05-24T07:44:07 IST" duration-ms="0" status="PASS">
          <reporter-output>
          </reporter-output>
        </test-method> <!-- afterTest -->
        <test-method is-config="true" signature="afterSuite()[pri:0, instance:com.eva.marketing.submodule.testcases.MarketingLeads@689604d9]" started-at="2025-05-24T07:44:07 IST" name="afterSuite" finished-at="2025-05-24T07:44:07 IST" duration-ms="1" status="PASS">
          <reporter-output>
          </reporter-output>
        </test-method> <!-- afterSuite -->
      </class> <!-- com.eva.marketing.submodule.testcases.MarketingLeads -->
    </test> <!-- Marketing Leads -->
  </suite> <!-- vTiger Automation Testing -->
</testng-results>
