<?xml version="1.0" encoding="UTF-8"?>
<testng-results ignored="0" total="1" passed="1" failed="0" skipped="0">
  <reporter-output>
  </reporter-output>
  <suite started-at="2026-02-28T20:05:10 IST" name="vTiger Automation Testing" finished-at="2026-02-28T20:06:26 IST" duration-ms="75730">
    <groups>
    </groups>
    <test started-at="2026-02-28T20:05:10 IST" name="Marketing Accounts" finished-at="2026-02-28T20:06:26 IST" duration-ms="75730">
      <class name="com.eva.marketing.submodule.testcases.MarketingAccounts">
        <test-method is-config="true" signature="beforeSuiteMethod()[pri:0, instance:com.eva.marketing.submodule.testcases.MarketingAccounts@385c9627]" started-at="2026-02-28T20:05:10 IST" name="beforeSuiteMethod" finished-at="2026-02-28T20:05:10 IST" duration-ms="481" status="PASS">
          <reporter-output>
          </reporter-output>
        </test-method> <!-- beforeSuiteMethod -->
        <test-method is-config="true" signature="beforeTestMethod()[pri:0, instance:com.eva.marketing.submodule.testcases.MarketingAccounts@385c9627]" started-at="2026-02-28T20:05:11 IST" name="beforeTestMethod" finished-at="2026-02-28T20:05:11 IST" duration-ms="0" status="PASS">
          <reporter-output>
          </reporter-output>
        </test-method> <!-- beforeTestMethod -->
        <test-method is-config="true" signature="beforeClassMethod()[pri:0, instance:com.eva.marketing.submodule.testcases.MarketingAccounts@385c9627]" started-at="2026-02-28T20:05:11 IST" name="beforeClassMethod" finished-at="2026-02-28T20:05:11 IST" duration-ms="1" status="PASS">
          <reporter-output>
          </reporter-output>
        </test-method> <!-- beforeClassMethod -->
        <test-method is-config="true" signature="beforeMethod(java.lang.String,java.lang.String,java.lang.String,java.lang.String,java.lang.reflect.Method)[pri:0, instance:com.eva.marketing.submodule.testcases.MarketingAccounts@385c9627]" started-at="2026-02-28T20:05:11 IST" name="beforeMethod" finished-at="2026-02-28T20:05:56 IST" duration-ms="44983" status="PASS">
          <params>
            <param index="0">
              <value>
                <![CDATA[chromebrowser]]>
              </value>
            </param>
            <param index="1">
              <value>
                <![CDATA[admin]]>
              </value>
            </param>
            <param index="2">
              <value>
                <![CDATA[admin]]>
              </value>
            </param>
            <param index="3">
              <value>
                <![CDATA[woodspice]]>
              </value>
            </param>
            <param index="4">
              <value>
                <![CDATA[public void com.eva.marketing.submodule.testcases.MarketingAccounts.verifyCreateNewAccount()]]>
              </value>
            </param>
          </params>
          <reporter-output>
          </reporter-output>
        </test-method> <!-- beforeMethod -->
        <test-method signature="verifyCreateNewAccount()[pri:0, instance:com.eva.marketing.submodule.testcases.MarketingAccounts@385c9627]" started-at="2026-02-28T20:05:56 IST" name="verifyCreateNewAccount" finished-at="2026-02-28T20:06:23 IST" duration-ms="27779" status="PASS">
          <reporter-output>
          </reporter-output>
        </test-method> <!-- verifyCreateNewAccount -->
        <test-method is-config="true" signature="afterMethod()[pri:0, instance:com.eva.marketing.submodule.testcases.MarketingAccounts@385c9627]" started-at="2026-02-28T20:06:23 IST" name="afterMethod" finished-at="2026-02-28T20:06:26 IST" duration-ms="2480" status="PASS">
          <reporter-output>
          </reporter-output>
        </test-method> <!-- afterMethod -->
        <test-method is-config="true" signature="afterClass()[pri:0, instance:com.eva.marketing.submodule.testcases.MarketingAccounts@385c9627]" started-at="2026-02-28T20:06:26 IST" name="afterClass" finished-at="2026-02-28T20:06:26 IST" duration-ms="437" status="PASS">
          <reporter-output>
          </reporter-output>
        </test-method> <!-- afterClass -->
        <test-method is-config="true" signature="afterTest()[pri:0, instance:com.eva.marketing.submodule.testcases.MarketingAccounts@385c9627]" started-at="2026-02-28T20:06:26 IST" name="afterTest" finished-at="2026-02-28T20:06:26 IST" duration-ms="1" status="PASS">
          <reporter-output>
          </reporter-output>
        </test-method> <!-- afterTest -->
        <test-method is-config="true" signature="afterSuite()[pri:0, instance:com.eva.marketing.submodule.testcases.MarketingAccounts@385c9627]" started-at="2026-02-28T20:06:26 IST" name="afterSuite" finished-at="2026-02-28T20:06:26 IST" duration-ms="0" status="PASS">
          <reporter-output>
          </reporter-output>
        </test-method> <!-- afterSuite -->
      </class> <!-- com.eva.marketing.submodule.testcases.MarketingAccounts -->
    </test> <!-- Marketing Accounts -->
  </suite> <!-- vTiger Automation Testing -->
</testng-results>
