<?xml version="1.0" encoding="UTF-8"?>
<!-- Generated by org.testng.reporters.JUnitReportReporter -->
<testsuite hostname="shailesh" failures="0" tests="2" name="com.evs.actions.practice.ActionsMethods" time="7.376" errors="0" timestamp="2025-08-26T18:23:20 IST" skipped="1">
  <testcase classname="com.evs.actions.practice.ActionsMethods" name="dragelement" time="7.376"/>
  <testcase classname="com.evs.actions.practice.ActionsMethods" name="moveElement">
    <skipped/>
  </testcase> <!-- moveElement -->
</testsuite> <!-- com.evs.actions.practice.ActionsMethods -->
