<?xml version="1.0" encoding="UTF-8"?>
<!-- Generated by org.testng.reporters.JUnitReportReporter -->
<testsuite hostname="shailesh" failures="0" tests="2" name="com.evs.actions.practice.ScrollElement" time="8.708" errors="0" timestamp="2025-08-28T19:29:05 IST" skipped="1">
  <testcase classname="com.evs.actions.practice.ScrollElement" name="drag_drop" time="8.708"/>
  <testcase classname="com.evs.actions.practice.ScrollElement" name="up_down_element">
    <skipped/>
  </testcase> <!-- up_down_element -->
</testsuite> <!-- com.evs.actions.practice.ScrollElement -->
