<?xml version="1.0" encoding="UTF-8"?>
<!-- Generated by org.testng.reporters.JUnitReportReporter -->
<testsuite hostname="ShaileshKumar" failures="0" tests="1" name="com.eva.marketing.submodule.testcases.MarketingAccounts" time="75.242" errors="0" timestamp="2026-02-28T20:06:26 IST" skipped="0">
  <testcase classname="com.eva.marketing.submodule.testcases.MarketingAccounts" name="verifyCreateNewAccount" time="75.242"/>
</testsuite> <!-- com.eva.marketing.submodule.testcases.MarketingAccounts -->
